2019/09/06 17:27:12.887839 stat_web_server.go:426: Local Web Server GET
2019/09/06 17:27:17.000390 stat_web_server.go:426: Local Web Server GET
2019/09/09 09:37:35.411180 stat_web_server.go:777: Setting /setting/
2019/09/09 09:37:35.411289 stat_web_server.go:448: []
2019/09/09 09:37:35.411312 stat_web_server.go:451: No Cookies
2019/09/09 09:37:35.411357 stat_web_server.go:781: Failed to Cookie_Check
2019/09/09 09:37:35.417575 stat_web_server.go:426: Local Web Server GET
2019/09/09 09:37:35.440555 stat_web_server.go:426: Local Web Server GET
2019/09/09 09:37:35.442898 stat_web_server.go:426: Local Web Server GET
2019/09/09 09:37:35.446506 stat_web_server.go:426: Local Web Server GET
2019/09/09 09:37:35.448903 stat_web_server.go:426: Local Web Server GET
2019/09/09 09:37:35.452683 stat_web_server.go:777: Setting /setting/
2019/09/09 09:37:35.452716 stat_web_server.go:448: []
2019/09/09 09:37:35.452727 stat_web_server.go:451: No Cookies
2019/09/09 09:37:35.452752 stat_web_server.go:781: Failed to Cookie_Check
2019/09/09 09:37:35.457446 stat_web_server.go:426: Local Web Server GET
2019/09/09 09:37:35.463005 stat_web_server.go:426: Local Web Server GET
2019/09/09 09:37:35.465141 stat_web_server.go:426: Local Web Server GET
2019/09/09 09:37:35.467935 stat_web_server.go:426: Local Web Server GET
2019/09/09 09:37:35.469859 stat_web_server.go:426: Local Web Server GET
2019/09/09 10:16:22.657530 stat_web_server.go:777: Setting /setting/
2019/09/09 10:16:22.657583 stat_web_server.go:448: []
2019/09/09 10:16:22.657596 stat_web_server.go:451: No Cookies
2019/09/09 10:16:22.657629 stat_web_server.go:781: Failed to Cookie_Check
2019/09/09 10:16:22.677434 stat_web_server.go:426: Local Web Server GET
2019/09/09 10:16:22.728862 stat_web_server.go:426: Local Web Server GET
2019/09/09 10:16:22.739336 stat_web_server.go:426: Local Web Server GET
2019/09/09 10:16:22.748751 stat_web_server.go:426: Local Web Server GET
2019/09/09 10:16:22.757901 stat_web_server.go:426: Local Web Server GET
2019/09/09 10:16:22.778784 stat_web_server.go:426: Local Web Server GET
2019/09/09 10:16:22.791899 stat_web_server.go:426: Local Web Server GET
2019/09/09 10:16:22.802494 stat_web_server.go:426: Local Web Server GET
2019/09/09 10:16:22.825493 stat_web_server.go:426: Local Web Server GET
2019/09/09 11:27:47.461042 stat_web_server.go:3032: NIC Name : eth0 NIC IP : 192.168.17.151
2019/09/09 11:27:47.461917 stat_web_server.go:3326: OS : General OS
2019/09/09 11:27:47.461947 stat_web_server.go:2953: Run Local Web Server..
2019/09/09 11:27:47.461969 stat_web_server.go:3052: DBPATH ./db/ DBName traffic.db
2019/09/09 11:27:47.465856 stat_web_server.go:3094: Proxy IP :  2.2.2.2
2019/09/09 11:27:47.465974 stat_web_server.go:3109: SELECT MCS_Mode FROM Config_Frontend_Backend_Data GROUP BY MCS_Mode
2019/09/09 11:27:47.466078 stat_web_server.go:3141: MCSE_Flag : MCSE_FLAG_CLIENT_AND_SERVER
2019/09/30 14:07:05.857771 stat_web_server.go:3577: NIC Name : eth0 NIC IP : 192.168.17.151
2019/09/30 14:07:05.859158 stat_web_server.go:3872: OS : General OS
2019/09/30 14:07:05.859195 stat_web_server.go:2919: Run Control Web Server..
SQL : root:innogs@tcp(:3306)/
Successfully created database..
DB selected successfully..
2019/09/30 14:07:05.870809 stat_web_server.go:3882: test log 4
2019/09/30 14:07:05.870844 stat_web_server.go:3884: test log 5
2019/10/21 14:23:30.569206 stat_web_server.go:4247: NIC Name : eth0 NIC IP : 192.168.17.151
2019/10/21 14:23:30.570044 stat_web_server.go:4247: NIC Name : eth0 NIC IP : 192.168.122.140
2019/10/21 14:23:30.570907 stat_web_server.go:4541: OS : General OS
2019/10/21 14:23:30.570943 stat_web_server.go:3579: Run Control Web Server..
SQL : root:innogs@tcp(:3306)/
Successfully created database..
DB selected successfully..
2019/10/21 14:23:30.578310 stat_web_server.go:4552: test log 4
2019/10/21 14:23:30.578397 stat_web_server.go:4554: test log 5
2019/10/21 14:24:08.401703 stat_web_server.go:481: Control Web Server GET
2019/10/21 14:24:12.481532 stat_web_server.go:3338: Login POST
2019/10/21 14:24:12.481759 stat_web_server.go:454: PlainText admin123 -> 66c15d77da3c7f6b1c807151f4d3c6705ae721619f427073
2019/10/21 14:24:12.481817 stat_web_server.go:3358: SELECT COUNT(*) FROM Users WHERE ID='admin' AND PASSWORD='66c15d77da3c7f6b1c807151f4d3c6705ae721619f427073'
2019/10/21 14:24:12.487781 stat_web_server.go:2365: Client Statistics /statistics/client/?page_num=1&sort=0
2019/10/21 14:24:12.487873 stat_web_server.go:493: [admin=MTU3MTYzNTQ1MnxEdi1CQkFFQ180SUFBUkFCRUFBQUpmLUNBQUVHYzNSeWFXNW5EQThBRFdGMWRHaGxiblJwWTJGMFpXUUVZbTl2YkFJQ0FBRT18gr35VXPk0D_oPrlmZ7SPy5V0cIKqjRfSyOgmiQWpOgw=]
2019/10/21 14:24:12.488448 stat_web_server.go:2886: StartTime   EndTime  
2019/10/21 14:24:12.488564 stat_web_server.go:3177: TempStr: <th><a href="/statistics/client/?page_num=1&sort=12">Collection Time ▼</a></th>
2019/10/21 14:24:12.489393 stat_web_server.go:3200: SELECT COUNT(DISTINCT A.ID) FROM CLIENT_STATISTICS_COMMON as A JOIN CLIENT_STATISTICS_DATA as B ON B.ID = A.ID WHERE 1=1  AND 1=1 
2019/10/21 14:24:12.491299 stat_web_server.go:3223: SELECT distinct A.ID  FROM ( SELECT * FROM CLIENT_STATISTICS_COMMON  WHERE 1=1 ) A JOIN ( SELECT * FROM CLIENT_STATISTICS_DATA WHERE 1=1 ) B ON A.ID = B.ID ORDER BY Time DESC LIMIT 25 OFFSET 0
2019/10/21 14:24:12.500074 stat_web_server.go:3249: SELECT * FROM ( SELECT * FROM CLIENT_STATISTICS_COMMON WHERE 1=1 ) A JOIN ( SELECT ID, Proxy_IP_INT, Proxy_IP_TEXT, Proxy_Listen_Port, SUM(Inbound), SUM(Outbound) FROM CLIENT_STATISTICS_DATA WHERE 1=1  GROUP BY ID, Proxy_IP_INT, Proxy_Listen_Port ) B ON A.ID = B.ID WHERE A.ID IN (100,99,98,97,96,95,94,93,92,91,90,89,88,87,86,85,84,83,82,81,80,79,78,77,76) ORDER BY Time DESC
2019/10/21 14:24:17.835919 stat_web_server.go:2365: Client Statistics /statistics/client/?page_num=1&sort=0
2019/10/21 14:24:17.836024 stat_web_server.go:493: [admin=MTU3MTYzNTQ1MnxEdi1CQkFFQ180SUFBUkFCRUFBQUpmLUNBQUVHYzNSeWFXNW5EQThBRFdGMWRHaGxiblJwWTJGMFpXUUVZbTl2YkFJQ0FBRT18gr35VXPk0D_oPrlmZ7SPy5V0cIKqjRfSyOgmiQWpOgw=]
2019/10/21 14:24:17.836509 stat_web_server.go:2886: StartTime   EndTime  
2019/10/21 14:24:17.836616 stat_web_server.go:3177: TempStr: <th><a href="/statistics/client/?page_num=1&sort=12">Collection Time ▼</a></th>
2019/10/21 14:24:17.837480 stat_web_server.go:3200: SELECT COUNT(DISTINCT A.ID) FROM CLIENT_STATISTICS_COMMON as A JOIN CLIENT_STATISTICS_DATA as B ON B.ID = A.ID WHERE 1=1  AND 1=1 
2019/10/21 14:24:17.840092 stat_web_server.go:3223: SELECT distinct A.ID  FROM ( SELECT * FROM CLIENT_STATISTICS_COMMON  WHERE 1=1 ) A JOIN ( SELECT * FROM CLIENT_STATISTICS_DATA WHERE 1=1 ) B ON A.ID = B.ID ORDER BY Time DESC LIMIT 25 OFFSET 0
2019/10/21 14:24:17.848805 stat_web_server.go:3249: SELECT * FROM ( SELECT * FROM CLIENT_STATISTICS_COMMON WHERE 1=1 ) A JOIN ( SELECT ID, Proxy_IP_INT, Proxy_IP_TEXT, Proxy_Listen_Port, SUM(Inbound), SUM(Outbound) FROM CLIENT_STATISTICS_DATA WHERE 1=1  GROUP BY ID, Proxy_IP_INT, Proxy_Listen_Port ) B ON A.ID = B.ID WHERE A.ID IN (100,99,98,97,96,95,94,93,92,91,90,89,88,87,86,85,84,83,82,81,80,79,78,77,76) ORDER BY Time DESC
2019/10/21 14:24:18.606981 stat_web_server.go:2365: Client Statistics /statistics/client/?page_num=1&sort=0
2019/10/21 14:24:18.607075 stat_web_server.go:493: [admin=MTU3MTYzNTQ1N3xEdi1CQkFFQ180SUFBUkFCRUFBQUpmLUNBQUVHYzNSeWFXNW5EQThBRFdGMWRHaGxiblJwWTJGMFpXUUVZbTl2YkFJQ0FBRT18LDU6_EKScgSr8UURYTKgSj4t68gf4egAZSJNFrfS6Nc=]
2019/10/21 14:24:18.607441 stat_web_server.go:2886: StartTime   EndTime  
2019/10/21 14:24:18.607566 stat_web_server.go:3177: TempStr: <th><a href="/statistics/client/?page_num=1&sort=12">Collection Time ▼</a></th>
2019/10/21 14:24:18.608352 stat_web_server.go:3200: SELECT COUNT(DISTINCT A.ID) FROM CLIENT_STATISTICS_COMMON as A JOIN CLIENT_STATISTICS_DATA as B ON B.ID = A.ID WHERE 1=1  AND 1=1 
2019/10/21 14:24:18.610224 stat_web_server.go:3223: SELECT distinct A.ID  FROM ( SELECT * FROM CLIENT_STATISTICS_COMMON  WHERE 1=1 ) A JOIN ( SELECT * FROM CLIENT_STATISTICS_DATA WHERE 1=1 ) B ON A.ID = B.ID ORDER BY Time DESC LIMIT 25 OFFSET 0
2019/10/21 14:24:18.618651 stat_web_server.go:3249: SELECT * FROM ( SELECT * FROM CLIENT_STATISTICS_COMMON WHERE 1=1 ) A JOIN ( SELECT ID, Proxy_IP_INT, Proxy_IP_TEXT, Proxy_Listen_Port, SUM(Inbound), SUM(Outbound) FROM CLIENT_STATISTICS_DATA WHERE 1=1  GROUP BY ID, Proxy_IP_INT, Proxy_Listen_Port ) B ON A.ID = B.ID WHERE A.ID IN (100,99,98,97,96,95,94,93,92,91,90,89,88,87,86,85,84,83,82,81,80,79,78,77,76) ORDER BY Time DESC
2019/10/21 14:24:18.985421 stat_web_server.go:2365: Client Statistics /statistics/client/?page_num=1&sort=0
2019/10/21 14:24:18.985507 stat_web_server.go:493: [admin=MTU3MTYzNTQ1OHxEdi1CQkFFQ180SUFBUkFCRUFBQUpmLUNBQUVHYzNSeWFXNW5EQThBRFdGMWRHaGxiblJwWTJGMFpXUUVZbTl2YkFJQ0FBRT18e8hj9ehswZopybJVCGxv78dQfUiInzCvUKOG7__va_E=]
2019/10/21 14:24:18.985892 stat_web_server.go:2886: StartTime   EndTime  
2019/10/21 14:24:18.985990 stat_web_server.go:3177: TempStr: <th><a href="/statistics/client/?page_num=1&sort=12">Collection Time ▼</a></th>
2019/10/21 14:24:18.986648 stat_web_server.go:3200: SELECT COUNT(DISTINCT A.ID) FROM CLIENT_STATISTICS_COMMON as A JOIN CLIENT_STATISTICS_DATA as B ON B.ID = A.ID WHERE 1=1  AND 1=1 
2019/10/21 14:24:18.989311 stat_web_server.go:3223: SELECT distinct A.ID  FROM ( SELECT * FROM CLIENT_STATISTICS_COMMON  WHERE 1=1 ) A JOIN ( SELECT * FROM CLIENT_STATISTICS_DATA WHERE 1=1 ) B ON A.ID = B.ID ORDER BY Time DESC LIMIT 25 OFFSET 0
2019/10/21 14:24:18.998003 stat_web_server.go:3249: SELECT * FROM ( SELECT * FROM CLIENT_STATISTICS_COMMON WHERE 1=1 ) A JOIN ( SELECT ID, Proxy_IP_INT, Proxy_IP_TEXT, Proxy_Listen_Port, SUM(Inbound), SUM(Outbound) FROM CLIENT_STATISTICS_DATA WHERE 1=1  GROUP BY ID, Proxy_IP_INT, Proxy_Listen_Port ) B ON A.ID = B.ID WHERE A.ID IN (100,99,98,97,96,95,94,93,92,91,90,89,88,87,86,85,84,83,82,81,80,79,78,77,76) ORDER BY Time DESC
2019/10/21 14:24:19.092476 stat_web_server.go:2365: Client Statistics /statistics/client/?page_num=1&sort=0
2019/10/21 14:24:19.092541 stat_web_server.go:493: [admin=MTU3MTYzNTQ1OHxEdi1CQkFFQ180SUFBUkFCRUFBQUpmLUNBQUVHYzNSeWFXNW5EQThBRFdGMWRHaGxiblJwWTJGMFpXUUVZbTl2YkFJQ0FBRT18e8hj9ehswZopybJVCGxv78dQfUiInzCvUKOG7__va_E=]
2019/10/21 14:24:19.092859 stat_web_server.go:2886: StartTime   EndTime  
2019/10/21 14:24:19.092963 stat_web_server.go:3177: TempStr: <th><a href="/statistics/client/?page_num=1&sort=12">Collection Time ▼</a></th>
2019/10/21 14:24:19.093650 stat_web_server.go:3200: SELECT COUNT(DISTINCT A.ID) FROM CLIENT_STATISTICS_COMMON as A JOIN CLIENT_STATISTICS_DATA as B ON B.ID = A.ID WHERE 1=1  AND 1=1 
2019/10/21 14:24:19.095477 stat_web_server.go:3223: SELECT distinct A.ID  FROM ( SELECT * FROM CLIENT_STATISTICS_COMMON  WHERE 1=1 ) A JOIN ( SELECT * FROM CLIENT_STATISTICS_DATA WHERE 1=1 ) B ON A.ID = B.ID ORDER BY Time DESC LIMIT 25 OFFSET 0
2019/10/21 14:24:19.103905 stat_web_server.go:3249: SELECT * FROM ( SELECT * FROM CLIENT_STATISTICS_COMMON WHERE 1=1 ) A JOIN ( SELECT ID, Proxy_IP_INT, Proxy_IP_TEXT, Proxy_Listen_Port, SUM(Inbound), SUM(Outbound) FROM CLIENT_STATISTICS_DATA WHERE 1=1  GROUP BY ID, Proxy_IP_INT, Proxy_Listen_Port ) B ON A.ID = B.ID WHERE A.ID IN (100,99,98,97,96,95,94,93,92,91,90,89,88,87,86,85,84,83,82,81,80,79,78,77,76) ORDER BY Time DESC
2019/10/21 14:24:19.157851 stat_web_server.go:2365: Client Statistics /statistics/client/?page_num=1&sort=0
2019/10/21 14:24:19.157905 stat_web_server.go:493: [admin=MTU3MTYzNTQ1OHxEdi1CQkFFQ180SUFBUkFCRUFBQUpmLUNBQUVHYzNSeWFXNW5EQThBRFdGMWRHaGxiblJwWTJGMFpXUUVZbTl2YkFJQ0FBRT18e8hj9ehswZopybJVCGxv78dQfUiInzCvUKOG7__va_E=]
2019/10/21 14:24:19.158204 stat_web_server.go:2886: StartTime   EndTime  
2019/10/21 14:24:19.158356 stat_web_server.go:3177: TempStr: <th><a href="/statistics/client/?page_num=1&sort=12">Collection Time ▼</a></th>
2019/10/21 14:24:19.158949 stat_web_server.go:3200: SELECT COUNT(DISTINCT A.ID) FROM CLIENT_STATISTICS_COMMON as A JOIN CLIENT_STATISTICS_DATA as B ON B.ID = A.ID WHERE 1=1  AND 1=1 
2019/10/21 14:24:19.160649 stat_web_server.go:3223: SELECT distinct A.ID  FROM ( SELECT * FROM CLIENT_STATISTICS_COMMON  WHERE 1=1 ) A JOIN ( SELECT * FROM CLIENT_STATISTICS_DATA WHERE 1=1 ) B ON A.ID = B.ID ORDER BY Time DESC LIMIT 25 OFFSET 0
2019/10/21 14:24:19.168831 stat_web_server.go:3249: SELECT * FROM ( SELECT * FROM CLIENT_STATISTICS_COMMON WHERE 1=1 ) A JOIN ( SELECT ID, Proxy_IP_INT, Proxy_IP_TEXT, Proxy_Listen_Port, SUM(Inbound), SUM(Outbound) FROM CLIENT_STATISTICS_DATA WHERE 1=1  GROUP BY ID, Proxy_IP_INT, Proxy_Listen_Port ) B ON A.ID = B.ID WHERE A.ID IN (100,99,98,97,96,95,94,93,92,91,90,89,88,87,86,85,84,83,82,81,80,79,78,77,76) ORDER BY Time DESC
2019/10/21 14:24:19.294164 stat_web_server.go:2365: Client Statistics /statistics/client/?page_num=1&sort=0
2019/10/21 14:24:19.294290 stat_web_server.go:493: [admin=MTU3MTYzNTQ1OHxEdi1CQkFFQ180SUFBUkFCRUFBQUpmLUNBQUVHYzNSeWFXNW5EQThBRFdGMWRHaGxiblJwWTJGMFpXUUVZbTl2YkFJQ0FBRT18e8hj9ehswZopybJVCGxv78dQfUiInzCvUKOG7__va_E=]
2019/10/21 14:24:19.294650 stat_web_server.go:2886: StartTime   EndTime  
2019/10/21 14:24:19.294744 stat_web_server.go:3177: TempStr: <th><a href="/statistics/client/?page_num=1&sort=12">Collection Time ▼</a></th>
2019/10/21 14:24:19.295376 stat_web_server.go:3200: SELECT COUNT(DISTINCT A.ID) FROM CLIENT_STATISTICS_COMMON as A JOIN CLIENT_STATISTICS_DATA as B ON B.ID = A.ID WHERE 1=1  AND 1=1 
2019/10/21 14:24:19.297162 stat_web_server.go:3223: SELECT distinct A.ID  FROM ( SELECT * FROM CLIENT_STATISTICS_COMMON  WHERE 1=1 ) A JOIN ( SELECT * FROM CLIENT_STATISTICS_DATA WHERE 1=1 ) B ON A.ID = B.ID ORDER BY Time DESC LIMIT 25 OFFSET 0
2019/10/21 14:24:19.305425 stat_web_server.go:3249: SELECT * FROM ( SELECT * FROM CLIENT_STATISTICS_COMMON WHERE 1=1 ) A JOIN ( SELECT ID, Proxy_IP_INT, Proxy_IP_TEXT, Proxy_Listen_Port, SUM(Inbound), SUM(Outbound) FROM CLIENT_STATISTICS_DATA WHERE 1=1  GROUP BY ID, Proxy_IP_INT, Proxy_Listen_Port ) B ON A.ID = B.ID WHERE A.ID IN (100,99,98,97,96,95,94,93,92,91,90,89,88,87,86,85,84,83,82,81,80,79,78,77,76) ORDER BY Time DESC
2019/10/21 14:24:19.469442 stat_web_server.go:2365: Client Statistics /statistics/client/?page_num=1&sort=0
2019/10/21 14:24:19.469500 stat_web_server.go:493: [admin=MTU3MTYzNTQ1OXxEdi1CQkFFQ180SUFBUkFCRUFBQUpmLUNBQUVHYzNSeWFXNW5EQThBRFdGMWRHaGxiblJwWTJGMFpXUUVZbTl2YkFJQ0FBRT18a7akHxw-TQmm5cJ3QbDCKd9rbPrEWXidHEkBrSRBquo=]
2019/10/21 14:24:19.469731 stat_web_server.go:2886: StartTime   EndTime  
2019/10/21 14:24:19.469824 stat_web_server.go:3177: TempStr: <th><a href="/statistics/client/?page_num=1&sort=12">Collection Time ▼</a></th>
2019/10/21 14:24:19.470457 stat_web_server.go:3200: SELECT COUNT(DISTINCT A.ID) FROM CLIENT_STATISTICS_COMMON as A JOIN CLIENT_STATISTICS_DATA as B ON B.ID = A.ID WHERE 1=1  AND 1=1 
2019/10/21 14:24:19.472333 stat_web_server.go:3223: SELECT distinct A.ID  FROM ( SELECT * FROM CLIENT_STATISTICS_COMMON  WHERE 1=1 ) A JOIN ( SELECT * FROM CLIENT_STATISTICS_DATA WHERE 1=1 ) B ON A.ID = B.ID ORDER BY Time DESC LIMIT 25 OFFSET 0
2019/10/21 14:24:19.480646 stat_web_server.go:3249: SELECT * FROM ( SELECT * FROM CLIENT_STATISTICS_COMMON WHERE 1=1 ) A JOIN ( SELECT ID, Proxy_IP_INT, Proxy_IP_TEXT, Proxy_Listen_Port, SUM(Inbound), SUM(Outbound) FROM CLIENT_STATISTICS_DATA WHERE 1=1  GROUP BY ID, Proxy_IP_INT, Proxy_Listen_Port ) B ON A.ID = B.ID WHERE A.ID IN (100,99,98,97,96,95,94,93,92,91,90,89,88,87,86,85,84,83,82,81,80,79,78,77,76) ORDER BY Time DESC
2019/10/21 14:24:19.582427 stat_web_server.go:2365: Client Statistics /statistics/client/?page_num=1&sort=0
2019/10/21 14:24:19.582492 stat_web_server.go:493: [admin=MTU3MTYzNTQ1OXxEdi1CQkFFQ180SUFBUkFCRUFBQUpmLUNBQUVHYzNSeWFXNW5EQThBRFdGMWRHaGxiblJwWTJGMFpXUUVZbTl2YkFJQ0FBRT18a7akHxw-TQmm5cJ3QbDCKd9rbPrEWXidHEkBrSRBquo=]
2019/10/21 14:24:19.582736 stat_web_server.go:2886: StartTime   EndTime  
2019/10/21 14:24:19.582828 stat_web_server.go:3177: TempStr: <th><a href="/statistics/client/?page_num=1&sort=12">Collection Time ▼</a></th>
2019/10/21 14:24:19.583555 stat_web_server.go:3200: SELECT COUNT(DISTINCT A.ID) FROM CLIENT_STATISTICS_COMMON as A JOIN CLIENT_STATISTICS_DATA as B ON B.ID = A.ID WHERE 1=1  AND 1=1 
2019/10/21 14:24:19.585327 stat_web_server.go:3223: SELECT distinct A.ID  FROM ( SELECT * FROM CLIENT_STATISTICS_COMMON  WHERE 1=1 ) A JOIN ( SELECT * FROM CLIENT_STATISTICS_DATA WHERE 1=1 ) B ON A.ID = B.ID ORDER BY Time DESC LIMIT 25 OFFSET 0
2019/10/21 14:24:19.594091 stat_web_server.go:3249: SELECT * FROM ( SELECT * FROM CLIENT_STATISTICS_COMMON WHERE 1=1 ) A JOIN ( SELECT ID, Proxy_IP_INT, Proxy_IP_TEXT, Proxy_Listen_Port, SUM(Inbound), SUM(Outbound) FROM CLIENT_STATISTICS_DATA WHERE 1=1  GROUP BY ID, Proxy_IP_INT, Proxy_Listen_Port ) B ON A.ID = B.ID WHERE A.ID IN (100,99,98,97,96,95,94,93,92,91,90,89,88,87,86,85,84,83,82,81,80,79,78,77,76) ORDER BY Time DESC
2019/10/21 14:24:19.744052 stat_web_server.go:2365: Client Statistics /statistics/client/?page_num=1&sort=0
2019/10/21 14:24:19.744142 stat_web_server.go:493: [admin=MTU3MTYzNTQ1OXxEdi1CQkFFQ180SUFBUkFCRUFBQUpmLUNBQUVHYzNSeWFXNW5EQThBRFdGMWRHaGxiblJwWTJGMFpXUUVZbTl2YkFJQ0FBRT18a7akHxw-TQmm5cJ3QbDCKd9rbPrEWXidHEkBrSRBquo=]
2019/10/21 14:24:19.744482 stat_web_server.go:2886: StartTime   EndTime  
2019/10/21 14:24:19.744586 stat_web_server.go:3177: TempStr: <th><a href="/statistics/client/?page_num=1&sort=12">Collection Time ▼</a></th>
2019/10/21 14:24:19.745116 stat_web_server.go:3200: SELECT COUNT(DISTINCT A.ID) FROM CLIENT_STATISTICS_COMMON as A JOIN CLIENT_STATISTICS_DATA as B ON B.ID = A.ID WHERE 1=1  AND 1=1 
2019/10/21 14:24:19.747259 stat_web_server.go:3223: SELECT distinct A.ID  FROM ( SELECT * FROM CLIENT_STATISTICS_COMMON  WHERE 1=1 ) A JOIN ( SELECT * FROM CLIENT_STATISTICS_DATA WHERE 1=1 ) B ON A.ID = B.ID ORDER BY Time DESC LIMIT 25 OFFSET 0
2019/10/21 14:24:19.755768 stat_web_server.go:3249: SELECT * FROM ( SELECT * FROM CLIENT_STATISTICS_COMMON WHERE 1=1 ) A JOIN ( SELECT ID, Proxy_IP_INT, Proxy_IP_TEXT, Proxy_Listen_Port, SUM(Inbound), SUM(Outbound) FROM CLIENT_STATISTICS_DATA WHERE 1=1  GROUP BY ID, Proxy_IP_INT, Proxy_Listen_Port ) B ON A.ID = B.ID WHERE A.ID IN (100,99,98,97,96,95,94,93,92,91,90,89,88,87,86,85,84,83,82,81,80,79,78,77,76) ORDER BY Time DESC
2019/10/21 14:24:19.858545 stat_web_server.go:2365: Client Statistics /statistics/client/?page_num=1&sort=0
2019/10/21 14:24:19.858619 stat_web_server.go:493: [admin=MTU3MTYzNTQ1OXxEdi1CQkFFQ180SUFBUkFCRUFBQUpmLUNBQUVHYzNSeWFXNW5EQThBRFdGMWRHaGxiblJwWTJGMFpXUUVZbTl2YkFJQ0FBRT18a7akHxw-TQmm5cJ3QbDCKd9rbPrEWXidHEkBrSRBquo=]
2019/10/21 14:24:19.858864 stat_web_server.go:2886: StartTime   EndTime  
2019/10/21 14:24:19.858956 stat_web_server.go:3177: TempStr: <th><a href="/statistics/client/?page_num=1&sort=12">Collection Time ▼</a></th>
2019/10/21 14:24:19.859778 stat_web_server.go:3200: SELECT COUNT(DISTINCT A.ID) FROM CLIENT_STATISTICS_COMMON as A JOIN CLIENT_STATISTICS_DATA as B ON B.ID = A.ID WHERE 1=1  AND 1=1 
2019/10/21 14:24:19.861483 stat_web_server.go:3223: SELECT distinct A.ID  FROM ( SELECT * FROM CLIENT_STATISTICS_COMMON  WHERE 1=1 ) A JOIN ( SELECT * FROM CLIENT_STATISTICS_DATA WHERE 1=1 ) B ON A.ID = B.ID ORDER BY Time DESC LIMIT 25 OFFSET 0
2019/10/21 14:24:19.869744 stat_web_server.go:3249: SELECT * FROM ( SELECT * FROM CLIENT_STATISTICS_COMMON WHERE 1=1 ) A JOIN ( SELECT ID, Proxy_IP_INT, Proxy_IP_TEXT, Proxy_Listen_Port, SUM(Inbound), SUM(Outbound) FROM CLIENT_STATISTICS_DATA WHERE 1=1  GROUP BY ID, Proxy_IP_INT, Proxy_Listen_Port ) B ON A.ID = B.ID WHERE A.ID IN (100,99,98,97,96,95,94,93,92,91,90,89,88,87,86,85,84,83,82,81,80,79,78,77,76) ORDER BY Time DESC
2019/10/21 14:24:20.071858 stat_web_server.go:2365: Client Statistics /statistics/client/?page_num=1&sort=0
2019/10/21 14:24:20.071924 stat_web_server.go:493: [admin=MTU3MTYzNTQ1OXxEdi1CQkFFQ180SUFBUkFCRUFBQUpmLUNBQUVHYzNSeWFXNW5EQThBRFdGMWRHaGxiblJwWTJGMFpXUUVZbTl2YkFJQ0FBRT18a7akHxw-TQmm5cJ3QbDCKd9rbPrEWXidHEkBrSRBquo=]
2019/10/21 14:24:20.072195 stat_web_server.go:2886: StartTime   EndTime  
2019/10/21 14:24:20.072354 stat_web_server.go:3177: TempStr: <th><a href="/statistics/client/?page_num=1&sort=12">Collection Time ▼</a></th>
2019/10/21 14:24:20.072859 stat_web_server.go:3200: SELECT COUNT(DISTINCT A.ID) FROM CLIENT_STATISTICS_COMMON as A JOIN CLIENT_STATISTICS_DATA as B ON B.ID = A.ID WHERE 1=1  AND 1=1 
2019/10/21 14:24:20.074690 stat_web_server.go:3223: SELECT distinct A.ID  FROM ( SELECT * FROM CLIENT_STATISTICS_COMMON  WHERE 1=1 ) A JOIN ( SELECT * FROM CLIENT_STATISTICS_DATA WHERE 1=1 ) B ON A.ID = B.ID ORDER BY Time DESC LIMIT 25 OFFSET 0
2019/10/21 14:24:20.083372 stat_web_server.go:3249: SELECT * FROM ( SELECT * FROM CLIENT_STATISTICS_COMMON WHERE 1=1 ) A JOIN ( SELECT ID, Proxy_IP_INT, Proxy_IP_TEXT, Proxy_Listen_Port, SUM(Inbound), SUM(Outbound) FROM CLIENT_STATISTICS_DATA WHERE 1=1  GROUP BY ID, Proxy_IP_INT, Proxy_Listen_Port ) B ON A.ID = B.ID WHERE A.ID IN (100,99,98,97,96,95,94,93,92,91,90,89,88,87,86,85,84,83,82,81,80,79,78,77,76) ORDER BY Time DESC
2019/10/21 14:24:20.110598 stat_web_server.go:2365: Client Statistics /statistics/client/?page_num=1&sort=0
2019/10/21 14:24:20.110662 stat_web_server.go:493: [admin=MTU3MTYzNTQ1OXxEdi1CQkFFQ180SUFBUkFCRUFBQUpmLUNBQUVHYzNSeWFXNW5EQThBRFdGMWRHaGxiblJwWTJGMFpXUUVZbTl2YkFJQ0FBRT18a7akHxw-TQmm5cJ3QbDCKd9rbPrEWXidHEkBrSRBquo=]
2019/10/21 14:24:20.110978 stat_web_server.go:2886: StartTime   EndTime  
2019/10/21 14:24:20.111149 stat_web_server.go:3177: TempStr: <th><a href="/statistics/client/?page_num=1&sort=12">Collection Time ▼</a></th>
2019/10/21 14:24:20.111864 stat_web_server.go:3200: SELECT COUNT(DISTINCT A.ID) FROM CLIENT_STATISTICS_COMMON as A JOIN CLIENT_STATISTICS_DATA as B ON B.ID = A.ID WHERE 1=1  AND 1=1 
Query Error: Error 1046: No database selected
2019/10/21 14:24:20.113380 server.go:3012: http: panic serving 192.168.17.29:14322: Error 1046: No database selected
goroutine 46 [running]:
net/http.(*conn).serve.func1(0xc00009c960)
	/usr/local/go/src/net/http/server.go:1769 +0x139
panic(0x8f7d40, 0xc0004930e0)
	/usr/local/go/src/runtime/panic.go:522 +0x1b5
lib/mariadb_lib.Query_DB(0xc000104180, 0xc0000d6360, 0x82, 0x2)
	/root/go/src/lib/mariadb_lib/mariadb.go:112 +0x246
main.WebServer_Client_Statistics(0xa289c0, 0xc0000cc460, 0xc00035c300, 0xc000104180)
	/root/go/src/Stat_Web/stat_web_server.go:3201 +0x7a01
main.RunControlWebServer.func6(0xa289c0, 0xc0000cc460, 0xc00035c300)
	/root/go/src/Stat_Web/stat_web_server.go:3606 +0x48
net/http.HandlerFunc.ServeHTTP(0xc00018e130, 0xa289c0, 0xc0000cc460, 0xc00035c300)
	/usr/local/go/src/net/http/server.go:1995 +0x44
net/http.(*ServeMux).ServeHTTP(0xc0001862c0, 0xa289c0, 0xc0000cc460, 0xc00035c300)
	/usr/local/go/src/net/http/server.go:2375 +0x1d6
net/http.serverHandler.ServeHTTP(0xc0001820d0, 0xa289c0, 0xc0000cc460, 0xc00035c300)
	/usr/local/go/src/net/http/server.go:2774 +0xa8
net/http.(*conn).serve(0xc00009c960, 0xa292c0, 0xc000186080)
	/usr/local/go/src/net/http/server.go:1878 +0x851
created by net/http.(*Server).Serve
	/usr/local/go/src/net/http/server.go:2884 +0x2f4
2019/10/21 14:24:20.114772 stat_web_server.go:2365: Client Statistics /statistics/client/?page_num=1&sort=0
2019/10/21 14:24:20.114831 stat_web_server.go:493: [admin=MTU3MTYzNTQ1OXxEdi1CQkFFQ180SUFBUkFCRUFBQUpmLUNBQUVHYzNSeWFXNW5EQThBRFdGMWRHaGxiblJwWTJGMFpXUUVZbTl2YkFJQ0FBRT18a7akHxw-TQmm5cJ3QbDCKd9rbPrEWXidHEkBrSRBquo=]
2019/10/21 14:24:20.115113 stat_web_server.go:2886: StartTime   EndTime  
2019/10/21 14:24:20.115192 stat_web_server.go:3177: TempStr: <th><a href="/statistics/client/?page_num=1&sort=12">Collection Time ▼</a></th>
2019/10/21 14:24:20.115759 stat_web_server.go:3200: SELECT COUNT(DISTINCT A.ID) FROM CLIENT_STATISTICS_COMMON as A JOIN CLIENT_STATISTICS_DATA as B ON B.ID = A.ID WHERE 1=1  AND 1=1 
Query Error: Error 1046: No database selected
2019/10/21 14:24:20.116231 server.go:3012: http: panic serving 192.168.17.29:14323: Error 1046: No database selected
goroutine 83 [running]:
net/http.(*conn).serve.func1(0xc00009c8c0)
	/usr/local/go/src/net/http/server.go:1769 +0x139
panic(0x8f7d40, 0xc000188a80)
	/usr/local/go/src/runtime/panic.go:522 +0x1b5
lib/mariadb_lib.Query_DB(0xc000104180, 0xc0003b4120, 0x82, 0x2)
	/root/go/src/lib/mariadb_lib/mariadb.go:112 +0x246
main.WebServer_Client_Statistics(0xa289c0, 0xc000248000, 0xc00035c000, 0xc000104180)
	/root/go/src/Stat_Web/stat_web_server.go:3201 +0x7a01
main.RunControlWebServer.func6(0xa289c0, 0xc000248000, 0xc00035c000)
	/root/go/src/Stat_Web/stat_web_server.go:3606 +0x48
net/http.HandlerFunc.ServeHTTP(0xc00018e130, 0xa289c0, 0xc000248000, 0xc00035c000)
	/usr/local/go/src/net/http/server.go:1995 +0x44
net/http.(*ServeMux).ServeHTTP(0xc0001862c0, 0xa289c0, 0xc000248000, 0xc00035c000)
	/usr/local/go/src/net/http/server.go:2375 +0x1d6
net/http.serverHandler.ServeHTTP(0xc0001820d0, 0xa289c0, 0xc000248000, 0xc00035c000)
	/usr/local/go/src/net/http/server.go:2774 +0xa8
net/http.(*conn).serve(0xc00009c8c0, 0xa292c0, 0xc00049c000)
	/usr/local/go/src/net/http/server.go:1878 +0x851
created by net/http.(*Server).Serve
	/usr/local/go/src/net/http/server.go:2884 +0x2f4
2019/10/21 14:24:20.118470 stat_web_server.go:2365: Client Statistics /statistics/client/?page_num=1&sort=0
2019/10/21 14:24:20.118519 stat_web_server.go:493: [admin=MTU3MTYzNTQ1OXxEdi1CQkFFQ180SUFBUkFCRUFBQUpmLUNBQUVHYzNSeWFXNW5EQThBRFdGMWRHaGxiblJwWTJGMFpXUUVZbTl2YkFJQ0FBRT18a7akHxw-TQmm5cJ3QbDCKd9rbPrEWXidHEkBrSRBquo=]
2019/10/21 14:24:20.118784 stat_web_server.go:2886: StartTime   EndTime  
2019/10/21 14:24:20.118955 stat_web_server.go:3177: TempStr: <th><a href="/statistics/client/?page_num=1&sort=12">Collection Time ▼</a></th>
2019/10/21 14:24:20.119473 stat_web_server.go:3200: SELECT COUNT(DISTINCT A.ID) FROM CLIENT_STATISTICS_COMMON as A JOIN CLIENT_STATISTICS_DATA as B ON B.ID = A.ID WHERE 1=1  AND 1=1 
Query Error: Error 1046: No database selected
2019/10/21 14:24:20.120058 server.go:3012: http: panic serving 192.168.17.29:14324: Error 1046: No database selected
goroutine 100 [running]:
net/http.(*conn).serve.func1(0xc0001846e0)
	/usr/local/go/src/net/http/server.go:1769 +0x139
panic(0x8f7d40, 0xc000189280)
	/usr/local/go/src/runtime/panic.go:522 +0x1b5
lib/mariadb_lib.Query_DB(0xc000104180, 0xc0003b4360, 0x82, 0x2)
	/root/go/src/lib/mariadb_lib/mariadb.go:112 +0x246
main.WebServer_Client_Statistics(0xa289c0, 0xc0002481c0, 0xc00014cd00, 0xc000104180)
	/root/go/src/Stat_Web/stat_web_server.go:3201 +0x7a01
main.RunControlWebServer.func6(0xa289c0, 0xc0002481c0, 0xc00014cd00)
	/root/go/src/Stat_Web/stat_web_server.go:3606 +0x48
net/http.HandlerFunc.ServeHTTP(0xc00018e130, 0xa289c0, 0xc0002481c0, 0xc00014cd00)
	/usr/local/go/src/net/http/server.go:1995 +0x44
net/http.(*ServeMux).ServeHTTP(0xc0001862c0, 0xa289c0, 0xc0002481c0, 0xc00014cd00)
	/usr/local/go/src/net/http/server.go:2375 +0x1d6
net/http.serverHandler.ServeHTTP(0xc0001820d0, 0xa289c0, 0xc0002481c0, 0xc00014cd00)
	/usr/local/go/src/net/http/server.go:2774 +0xa8
net/http.(*conn).serve(0xc0001846e0, 0xa292c0, 0xc00006dd40)
	/usr/local/go/src/net/http/server.go:1878 +0x851
created by net/http.(*Server).Serve
	/usr/local/go/src/net/http/server.go:2884 +0x2f4
2019/10/21 14:24:20.474424 stat_web_server.go:2365: Client Statistics /statistics/client/?page_num=1&sort=0
2019/10/21 14:24:20.474488 stat_web_server.go:493: [admin=MTU3MTYzNTQ1OXxEdi1CQkFFQ180SUFBUkFCRUFBQUpmLUNBQUVHYzNSeWFXNW5EQThBRFdGMWRHaGxiblJwWTJGMFpXUUVZbTl2YkFJQ0FBRT18a7akHxw-TQmm5cJ3QbDCKd9rbPrEWXidHEkBrSRBquo=]
2019/10/21 14:24:20.474760 stat_web_server.go:2886: StartTime   EndTime  
2019/10/21 14:24:20.474891 stat_web_server.go:3177: TempStr: <th><a href="/statistics/client/?page_num=1&sort=12">Collection Time ▼</a></th>
2019/10/21 14:24:20.475586 stat_web_server.go:3200: SELECT COUNT(DISTINCT A.ID) FROM CLIENT_STATISTICS_COMMON as A JOIN CLIENT_STATISTICS_DATA as B ON B.ID = A.ID WHERE 1=1  AND 1=1 
Query Error: Error 1046: No database selected
2019/10/21 14:24:20.476108 server.go:3012: http: panic serving 192.168.17.29:14327: Error 1046: No database selected
goroutine 101 [running]:
net/http.(*conn).serve.func1(0xc0001848c0)
	/usr/local/go/src/net/http/server.go:1769 +0x139
panic(0x8f7d40, 0xc0002195e0)
	/usr/local/go/src/runtime/panic.go:522 +0x1b5
lib/mariadb_lib.Query_DB(0xc000104180, 0xc0000d65a0, 0x82, 0x2)
	/root/go/src/lib/mariadb_lib/mariadb.go:112 +0x246
main.WebServer_Client_Statistics(0xa289c0, 0xc0000cc8c0, 0xc00014ce00, 0xc000104180)
	/root/go/src/Stat_Web/stat_web_server.go:3201 +0x7a01
main.RunControlWebServer.func6(0xa289c0, 0xc0000cc8c0, 0xc00014ce00)
	/root/go/src/Stat_Web/stat_web_server.go:3606 +0x48
net/http.HandlerFunc.ServeHTTP(0xc00018e130, 0xa289c0, 0xc0000cc8c0, 0xc00014ce00)
	/usr/local/go/src/net/http/server.go:1995 +0x44
net/http.(*ServeMux).ServeHTTP(0xc0001862c0, 0xa289c0, 0xc0000cc8c0, 0xc00014ce00)
	/usr/local/go/src/net/http/server.go:2375 +0x1d6
net/http.serverHandler.ServeHTTP(0xc0001820d0, 0xa289c0, 0xc0000cc8c0, 0xc00014ce00)
	/usr/local/go/src/net/http/server.go:2774 +0xa8
net/http.(*conn).serve(0xc0001848c0, 0xa292c0, 0xc0003a8100)
	/usr/local/go/src/net/http/server.go:1878 +0x851
created by net/http.(*Server).Serve
	/usr/local/go/src/net/http/server.go:2884 +0x2f4
2019/10/21 14:24:20.656359 stat_web_server.go:2365: Client Statistics /statistics/client/?page_num=1&sort=0
2019/10/21 14:24:20.656423 stat_web_server.go:493: [admin=MTU3MTYzNTQ1OXxEdi1CQkFFQ180SUFBUkFCRUFBQUpmLUNBQUVHYzNSeWFXNW5EQThBRFdGMWRHaGxiblJwWTJGMFpXUUVZbTl2YkFJQ0FBRT18a7akHxw-TQmm5cJ3QbDCKd9rbPrEWXidHEkBrSRBquo=]
2019/10/21 14:24:20.656690 stat_web_server.go:2886: StartTime   EndTime  
2019/10/21 14:24:20.656782 stat_web_server.go:3177: TempStr: <th><a href="/statistics/client/?page_num=1&sort=12">Collection Time ▼</a></th>
2019/10/21 14:24:20.657327 stat_web_server.go:3200: SELECT COUNT(DISTINCT A.ID) FROM CLIENT_STATISTICS_COMMON as A JOIN CLIENT_STATISTICS_DATA as B ON B.ID = A.ID WHERE 1=1  AND 1=1 
2019/10/21 14:24:20.659037 stat_web_server.go:3223: SELECT distinct A.ID  FROM ( SELECT * FROM CLIENT_STATISTICS_COMMON  WHERE 1=1 ) A JOIN ( SELECT * FROM CLIENT_STATISTICS_DATA WHERE 1=1 ) B ON A.ID = B.ID ORDER BY Time DESC LIMIT 25 OFFSET 0
Query Error: Error 1046: No database selected
2019/10/21 14:24:20.659617 server.go:3012: http: panic serving 192.168.17.29:14328: Error 1046: No database selected
goroutine 104 [running]:
net/http.(*conn).serve.func1(0xc000184aa0)
	/usr/local/go/src/net/http/server.go:1769 +0x139
panic(0x8f7d40, 0xc0001d8040)
	/usr/local/go/src/runtime/panic.go:522 +0x1b5
lib/mariadb_lib.Query_DB(0xc000104180, 0xc0002ce300, 0xc0, 0x5)
	/root/go/src/lib/mariadb_lib/mariadb.go:112 +0x246
main.WebServer_Client_Statistics(0xa289c0, 0xc000248380, 0xc00035c200, 0xc000104180)
	/root/go/src/Stat_Web/stat_web_server.go:3225 +0x7e03
main.RunControlWebServer.func6(0xa289c0, 0xc000248380, 0xc00035c200)
	/root/go/src/Stat_Web/stat_web_server.go:3606 +0x48
net/http.HandlerFunc.ServeHTTP(0xc00018e130, 0xa289c0, 0xc000248380, 0xc00035c200)
	/usr/local/go/src/net/http/server.go:1995 +0x44
net/http.(*ServeMux).ServeHTTP(0xc0001862c0, 0xa289c0, 0xc000248380, 0xc00035c200)
	/usr/local/go/src/net/http/server.go:2375 +0x1d6
net/http.serverHandler.ServeHTTP(0xc0001820d0, 0xa289c0, 0xc000248380, 0xc00035c200)
	/usr/local/go/src/net/http/server.go:2774 +0xa8
net/http.(*conn).serve(0xc000184aa0, 0xa292c0, 0xc00049c200)
	/usr/local/go/src/net/http/server.go:1878 +0x851
created by net/http.(*Server).Serve
	/usr/local/go/src/net/http/server.go:2884 +0x2f4
2019/10/21 14:24:25.752853 stat_web_server.go:2365: Client Statistics /statistics/client/?page_num=1&sort=0
2019/10/21 14:24:25.752970 stat_web_server.go:493: [admin=MTU3MTYzNTQ1OXxEdi1CQkFFQ180SUFBUkFCRUFBQUpmLUNBQUVHYzNSeWFXNW5EQThBRFdGMWRHaGxiblJwWTJGMFpXUUVZbTl2YkFJQ0FBRT18a7akHxw-TQmm5cJ3QbDCKd9rbPrEWXidHEkBrSRBquo=]
2019/10/21 14:24:25.753408 stat_web_server.go:2886: StartTime   EndTime  
2019/10/21 14:24:25.753513 stat_web_server.go:3177: TempStr: <th><a href="/statistics/client/?page_num=1&sort=12">Collection Time ▼</a></th>
2019/10/21 14:24:25.754168 stat_web_server.go:3200: SELECT COUNT(DISTINCT A.ID) FROM CLIENT_STATISTICS_COMMON as A JOIN CLIENT_STATISTICS_DATA as B ON B.ID = A.ID WHERE 1=1  AND 1=1 
2019/10/21 14:24:25.756334 stat_web_server.go:3223: SELECT distinct A.ID  FROM ( SELECT * FROM CLIENT_STATISTICS_COMMON  WHERE 1=1 ) A JOIN ( SELECT * FROM CLIENT_STATISTICS_DATA WHERE 1=1 ) B ON A.ID = B.ID ORDER BY Time DESC LIMIT 25 OFFSET 0
Query Error: Error 1046: No database selected
2019/10/21 14:24:25.756924 server.go:3012: http: panic serving 192.168.17.29:14325: Error 1046: No database selected
goroutine 105 [running]:
net/http.(*conn).serve.func1(0xc000184b40)
	/usr/local/go/src/net/http/server.go:1769 +0x139
panic(0x8f7d40, 0xc0001899a0)
	/usr/local/go/src/runtime/panic.go:522 +0x1b5
lib/mariadb_lib.Query_DB(0xc000104180, 0xc00012e180, 0xc0, 0x5)
	/root/go/src/lib/mariadb_lib/mariadb.go:112 +0x246
main.WebServer_Client_Statistics(0xa289c0, 0xc000476000, 0xc00014d200, 0xc000104180)
	/root/go/src/Stat_Web/stat_web_server.go:3225 +0x7e03
main.RunControlWebServer.func6(0xa289c0, 0xc000476000, 0xc00014d200)
	/root/go/src/Stat_Web/stat_web_server.go:3606 +0x48
net/http.HandlerFunc.ServeHTTP(0xc00018e130, 0xa289c0, 0xc000476000, 0xc00014d200)
	/usr/local/go/src/net/http/server.go:1995 +0x44
net/http.(*ServeMux).ServeHTTP(0xc0001862c0, 0xa289c0, 0xc000476000, 0xc00014d200)
	/usr/local/go/src/net/http/server.go:2375 +0x1d6
net/http.serverHandler.ServeHTTP(0xc0001820d0, 0xa289c0, 0xc000476000, 0xc00014d200)
	/usr/local/go/src/net/http/server.go:2774 +0xa8
net/http.(*conn).serve(0xc000184b40, 0xa292c0, 0xc0003a8c40)
	/usr/local/go/src/net/http/server.go:1878 +0x851
created by net/http.(*Server).Serve
	/usr/local/go/src/net/http/server.go:2884 +0x2f4
2019/10/21 14:24:25.759692 stat_web_server.go:2365: Client Statistics /statistics/client/?page_num=1&sort=0
2019/10/21 14:24:25.759743 stat_web_server.go:493: [admin=MTU3MTYzNTQ1OXxEdi1CQkFFQ180SUFBUkFCRUFBQUpmLUNBQUVHYzNSeWFXNW5EQThBRFdGMWRHaGxiblJwWTJGMFpXUUVZbTl2YkFJQ0FBRT18a7akHxw-TQmm5cJ3QbDCKd9rbPrEWXidHEkBrSRBquo=]
2019/10/21 14:24:25.760055 stat_web_server.go:2886: StartTime   EndTime  
2019/10/21 14:24:25.760148 stat_web_server.go:3177: TempStr: <th><a href="/statistics/client/?page_num=1&sort=12">Collection Time ▼</a></th>
2019/10/21 14:24:25.760782 stat_web_server.go:3200: SELECT COUNT(DISTINCT A.ID) FROM CLIENT_STATISTICS_COMMON as A JOIN CLIENT_STATISTICS_DATA as B ON B.ID = A.ID WHERE 1=1  AND 1=1 
2019/10/21 14:24:25.762480 stat_web_server.go:3223: SELECT distinct A.ID  FROM ( SELECT * FROM CLIENT_STATISTICS_COMMON  WHERE 1=1 ) A JOIN ( SELECT * FROM CLIENT_STATISTICS_DATA WHERE 1=1 ) B ON A.ID = B.ID ORDER BY Time DESC LIMIT 25 OFFSET 0
Query Error: Error 1046: No database selected
2019/10/21 14:24:25.762920 server.go:3012: http: panic serving 192.168.17.29:14326: Error 1046: No database selected
goroutine 106 [running]:
net/http.(*conn).serve.func1(0xc000184be0)
	/usr/local/go/src/net/http/server.go:1769 +0x139
panic(0x8f7d40, 0xc0001899e0)
	/usr/local/go/src/runtime/panic.go:522 +0x1b5
lib/mariadb_lib.Query_DB(0xc000104180, 0xc00012e240, 0xc0, 0x5)
	/root/go/src/lib/mariadb_lib/mariadb.go:112 +0x246
main.WebServer_Client_Statistics(0xa289c0, 0xc0000cca80, 0xc00014d300, 0xc000104180)
	/root/go/src/Stat_Web/stat_web_server.go:3225 +0x7e03
main.RunControlWebServer.func6(0xa289c0, 0xc0000cca80, 0xc00014d300)
	/root/go/src/Stat_Web/stat_web_server.go:3606 +0x48
net/http.HandlerFunc.ServeHTTP(0xc00018e130, 0xa289c0, 0xc0000cca80, 0xc00014d300)
	/usr/local/go/src/net/http/server.go:1995 +0x44
net/http.(*ServeMux).ServeHTTP(0xc0001862c0, 0xa289c0, 0xc0000cca80, 0xc00014d300)
	/usr/local/go/src/net/http/server.go:2375 +0x1d6
net/http.serverHandler.ServeHTTP(0xc0001820d0, 0xa289c0, 0xc0000cca80, 0xc00014d300)
	/usr/local/go/src/net/http/server.go:2774 +0xa8
net/http.(*conn).serve(0xc000184be0, 0xa292c0, 0xc0003a8cc0)
	/usr/local/go/src/net/http/server.go:1878 +0x851
created by net/http.(*Server).Serve
	/usr/local/go/src/net/http/server.go:2884 +0x2f4
2019/10/21 14:24:25.782885 stat_web_server.go:2365: Client Statistics /statistics/client/?page_num=1&sort=0
2019/10/21 14:24:25.782966 stat_web_server.go:493: [admin=MTU3MTYzNTQ1OXxEdi1CQkFFQ180SUFBUkFCRUFBQUpmLUNBQUVHYzNSeWFXNW5EQThBRFdGMWRHaGxiblJwWTJGMFpXUUVZbTl2YkFJQ0FBRT18a7akHxw-TQmm5cJ3QbDCKd9rbPrEWXidHEkBrSRBquo=]
2019/10/21 14:24:25.783351 stat_web_server.go:2886: StartTime   EndTime  
2019/10/21 14:24:25.783459 stat_web_server.go:3177: TempStr: <th><a href="/statistics/client/?page_num=1&sort=12">Collection Time ▼</a></th>
2019/10/21 14:24:25.784002 stat_web_server.go:3200: SELECT COUNT(DISTINCT A.ID) FROM CLIENT_STATISTICS_COMMON as A JOIN CLIENT_STATISTICS_DATA as B ON B.ID = A.ID WHERE 1=1  AND 1=1 
2019/10/21 14:24:25.786121 stat_web_server.go:3223: SELECT distinct A.ID  FROM ( SELECT * FROM CLIENT_STATISTICS_COMMON  WHERE 1=1 ) A JOIN ( SELECT * FROM CLIENT_STATISTICS_DATA WHERE 1=1 ) B ON A.ID = B.ID ORDER BY Time DESC LIMIT 25 OFFSET 0
Query Error: Error 1046: No database selected
2019/10/21 14:24:25.786696 server.go:3012: http: panic serving 192.168.17.29:14329: Error 1046: No database selected
goroutine 109 [running]:
net/http.(*conn).serve.func1(0xc000184d20)
	/usr/local/go/src/net/http/server.go:1769 +0x139
panic(0x8f7d40, 0xc0001321e0)
	/usr/local/go/src/runtime/panic.go:522 +0x1b5
lib/mariadb_lib.Query_DB(0xc000104180, 0xc00006e3c0, 0xc0, 0x5)
	/root/go/src/lib/mariadb_lib/mariadb.go:112 +0x246
main.WebServer_Client_Statistics(0xa289c0, 0xc0000ccc40, 0xc00014d600, 0xc000104180)
	/root/go/src/Stat_Web/stat_web_server.go:3225 +0x7e03
main.RunControlWebServer.func6(0xa289c0, 0xc0000ccc40, 0xc00014d600)
	/root/go/src/Stat_Web/stat_web_server.go:3606 +0x48
net/http.HandlerFunc.ServeHTTP(0xc00018e130, 0xa289c0, 0xc0000ccc40, 0xc00014d600)
	/usr/local/go/src/net/http/server.go:1995 +0x44
net/http.(*ServeMux).ServeHTTP(0xc0001862c0, 0xa289c0, 0xc0000ccc40, 0xc00014d600)
	/usr/local/go/src/net/http/server.go:2375 +0x1d6
net/http.serverHandler.ServeHTTP(0xc0001820d0, 0xa289c0, 0xc0000ccc40, 0xc00014d600)
	/usr/local/go/src/net/http/server.go:2774 +0xa8
net/http.(*conn).serve(0xc000184d20, 0xa292c0, 0xc0003a9300)
	/usr/local/go/src/net/http/server.go:1878 +0x851
created by net/http.(*Server).Serve
	/usr/local/go/src/net/http/server.go:2884 +0x2f4
2019/10/21 14:25:59.289665 stat_web_server.go:481: Control Web Server GET
2019/10/21 14:26:03.785647 stat_web_server.go:3338: Login POST
2019/10/21 14:26:03.785807 stat_web_server.go:454: PlainText admin123 -> 66c15d77da3c7f6b1c807151f4d3c6705ae721619f427073
2019/10/21 14:26:03.785828 stat_web_server.go:3358: SELECT COUNT(*) FROM Users WHERE ID='admin' AND PASSWORD='66c15d77da3c7f6b1c807151f4d3c6705ae721619f427073'
2019/10/21 14:26:03.791149 stat_web_server.go:2365: Client Statistics /statistics/client/?page_num=1&sort=0
2019/10/21 14:26:03.791203 stat_web_server.go:493: [admin=MTU3MTYzNTU2M3xEdi1CQkFFQ180SUFBUkFCRUFBQUpmLUNBQUVHYzNSeWFXNW5EQThBRFdGMWRHaGxiblJwWTJGMFpXUUVZbTl2YkFJQ0FBRT18-Xnu73nrCg0-U5K-neqSB_45qW-xd8JoLiP8leRwsrk=]
2019/10/21 14:26:03.791498 stat_web_server.go:2886: StartTime   EndTime  
2019/10/21 14:26:03.791577 stat_web_server.go:3177: TempStr: <th><a href="/statistics/client/?page_num=1&sort=12">Collection Time ▼</a></th>
2019/10/21 14:26:03.792191 stat_web_server.go:3200: SELECT COUNT(DISTINCT A.ID) FROM CLIENT_STATISTICS_COMMON as A JOIN CLIENT_STATISTICS_DATA as B ON B.ID = A.ID WHERE 1=1  AND 1=1 
Query Error: Error 1046: No database selected
2019/10/21 14:26:03.792815 server.go:3012: http: panic serving 192.168.17.29:14345: Error 1046: No database selected
goroutine 119 [running]:
net/http.(*conn).serve.func1(0xc00039c6e0)
	/usr/local/go/src/net/http/server.go:1769 +0x139
panic(0x8f7d40, 0xc0001e4340)
	/usr/local/go/src/runtime/panic.go:522 +0x1b5
lib/mariadb_lib.Query_DB(0xc000104180, 0xc0003b46c0, 0x82, 0x2)
	/root/go/src/lib/mariadb_lib/mariadb.go:112 +0x246
main.WebServer_Client_Statistics(0xa289c0, 0xc0000ccee0, 0xc00014db00, 0xc000104180)
	/root/go/src/Stat_Web/stat_web_server.go:3201 +0x7a01
main.RunControlWebServer.func6(0xa289c0, 0xc0000ccee0, 0xc00014db00)
	/root/go/src/Stat_Web/stat_web_server.go:3606 +0x48
net/http.HandlerFunc.ServeHTTP(0xc00018e130, 0xa289c0, 0xc0000ccee0, 0xc00014db00)
	/usr/local/go/src/net/http/server.go:1995 +0x44
net/http.(*ServeMux).ServeHTTP(0xc0001862c0, 0xa289c0, 0xc0000ccee0, 0xc00014db00)
	/usr/local/go/src/net/http/server.go:2375 +0x1d6
net/http.serverHandler.ServeHTTP(0xc0001820d0, 0xa289c0, 0xc0000ccee0, 0xc00014db00)
	/usr/local/go/src/net/http/server.go:2774 +0xa8
net/http.(*conn).serve(0xc00039c6e0, 0xa292c0, 0xc00049d380)
	/usr/local/go/src/net/http/server.go:1878 +0x851
created by net/http.(*Server).Serve
	/usr/local/go/src/net/http/server.go:2884 +0x2f4
2019/10/21 14:26:03.794731 stat_web_server.go:2365: Client Statistics /statistics/client/?page_num=1&sort=0
2019/10/21 14:26:03.794778 stat_web_server.go:493: [admin=MTU3MTYzNTU2M3xEdi1CQkFFQ180SUFBUkFCRUFBQUpmLUNBQUVHYzNSeWFXNW5EQThBRFdGMWRHaGxiblJwWTJGMFpXUUVZbTl2YkFJQ0FBRT18-Xnu73nrCg0-U5K-neqSB_45qW-xd8JoLiP8leRwsrk=]
2019/10/21 14:26:03.795050 stat_web_server.go:2886: StartTime   EndTime  
2019/10/21 14:26:03.795124 stat_web_server.go:3177: TempStr: <th><a href="/statistics/client/?page_num=1&sort=12">Collection Time ▼</a></th>
2019/10/21 14:26:03.795651 stat_web_server.go:3200: SELECT COUNT(DISTINCT A.ID) FROM CLIENT_STATISTICS_COMMON as A JOIN CLIENT_STATISTICS_DATA as B ON B.ID = A.ID WHERE 1=1  AND 1=1 
2019/10/21 14:26:03.797441 stat_web_server.go:3223: SELECT distinct A.ID  FROM ( SELECT * FROM CLIENT_STATISTICS_COMMON  WHERE 1=1 ) A JOIN ( SELECT * FROM CLIENT_STATISTICS_DATA WHERE 1=1 ) B ON A.ID = B.ID ORDER BY Time DESC LIMIT 25 OFFSET 0
Query Error: Error 1046: No database selected
2019/10/21 14:26:03.797897 server.go:3012: http: panic serving 192.168.17.29:14344: Error 1046: No database selected
goroutine 120 [running]:
net/http.(*conn).serve.func1(0xc00039c780)
	/usr/local/go/src/net/http/server.go:1769 +0x139
panic(0x8f7d40, 0xc000132e80)
	/usr/local/go/src/runtime/panic.go:522 +0x1b5
lib/mariadb_lib.Query_DB(0xc000104180, 0xc00006e600, 0xc0, 0x5)
	/root/go/src/lib/mariadb_lib/mariadb.go:112 +0x246
main.WebServer_Client_Statistics(0xa289c0, 0xc0000cd0a0, 0xc000394d00, 0xc000104180)
	/root/go/src/Stat_Web/stat_web_server.go:3225 +0x7e03
main.RunControlWebServer.func6(0xa289c0, 0xc0000cd0a0, 0xc000394d00)
	/root/go/src/Stat_Web/stat_web_server.go:3606 +0x48
net/http.HandlerFunc.ServeHTTP(0xc00018e130, 0xa289c0, 0xc0000cd0a0, 0xc000394d00)
	/usr/local/go/src/net/http/server.go:1995 +0x44
net/http.(*ServeMux).ServeHTTP(0xc0001862c0, 0xa289c0, 0xc0000cd0a0, 0xc000394d00)
	/usr/local/go/src/net/http/server.go:2375 +0x1d6
net/http.serverHandler.ServeHTTP(0xc0001820d0, 0xa289c0, 0xc0000cd0a0, 0xc000394d00)
	/usr/local/go/src/net/http/server.go:2774 +0xa8
net/http.(*conn).serve(0xc00039c780, 0xa292c0, 0xc00010df80)
	/usr/local/go/src/net/http/server.go:1878 +0x851
created by net/http.(*Server).Serve
	/usr/local/go/src/net/http/server.go:2884 +0x2f4
2019/10/21 14:26:03.800412 stat_web_server.go:2365: Client Statistics /statistics/client/?page_num=1&sort=0
2019/10/21 14:26:03.800457 stat_web_server.go:493: [admin=MTU3MTYzNTU2M3xEdi1CQkFFQ180SUFBUkFCRUFBQUpmLUNBQUVHYzNSeWFXNW5EQThBRFdGMWRHaGxiblJwWTJGMFpXUUVZbTl2YkFJQ0FBRT18-Xnu73nrCg0-U5K-neqSB_45qW-xd8JoLiP8leRwsrk=]
2019/10/21 14:26:03.800728 stat_web_server.go:2886: StartTime   EndTime  
2019/10/21 14:26:03.800800 stat_web_server.go:3177: TempStr: <th><a href="/statistics/client/?page_num=1&sort=12">Collection Time ▼</a></th>
2019/10/21 14:26:03.801495 stat_web_server.go:3200: SELECT COUNT(DISTINCT A.ID) FROM CLIENT_STATISTICS_COMMON as A JOIN CLIENT_STATISTICS_DATA as B ON B.ID = A.ID WHERE 1=1  AND 1=1 
2019/10/21 14:26:03.803153 stat_web_server.go:3223: SELECT distinct A.ID  FROM ( SELECT * FROM CLIENT_STATISTICS_COMMON  WHERE 1=1 ) A JOIN ( SELECT * FROM CLIENT_STATISTICS_DATA WHERE 1=1 ) B ON A.ID = B.ID ORDER BY Time DESC LIMIT 25 OFFSET 0
Query Error: Error 1046: No database selected
2019/10/21 14:26:03.803657 server.go:3012: http: panic serving 192.168.17.29:14349: Error 1046: No database selected
goroutine 87 [running]:
net/http.(*conn).serve.func1(0xc00009d220)
	/usr/local/go/src/net/http/server.go:1769 +0x139
panic(0x8f7d40, 0xc0001e4380)
	/usr/local/go/src/runtime/panic.go:522 +0x1b5
lib/mariadb_lib.Query_DB(0xc000104180, 0xc00012e480, 0xc0, 0x5)
	/root/go/src/lib/mariadb_lib/mariadb.go:112 +0x246
main.WebServer_Client_Statistics(0xa289c0, 0xc0004762a0, 0xc00035c900, 0xc000104180)
	/root/go/src/Stat_Web/stat_web_server.go:3225 +0x7e03
main.RunControlWebServer.func6(0xa289c0, 0xc0004762a0, 0xc00035c900)
	/root/go/src/Stat_Web/stat_web_server.go:3606 +0x48
net/http.HandlerFunc.ServeHTTP(0xc00018e130, 0xa289c0, 0xc0004762a0, 0xc00035c900)
	/usr/local/go/src/net/http/server.go:1995 +0x44
net/http.(*ServeMux).ServeHTTP(0xc0001862c0, 0xa289c0, 0xc0004762a0, 0xc00035c900)
	/usr/local/go/src/net/http/server.go:2375 +0x1d6
net/http.serverHandler.ServeHTTP(0xc0001820d0, 0xa289c0, 0xc0004762a0, 0xc00035c900)
	/usr/local/go/src/net/http/server.go:2774 +0xa8
net/http.(*conn).serve(0xc00009d220, 0xa292c0, 0xc00049d880)
	/usr/local/go/src/net/http/server.go:1878 +0x851
created by net/http.(*Server).Serve
	/usr/local/go/src/net/http/server.go:2884 +0x2f4
SIGTERM
panic: terminated

goroutine 6 [running]:
main.SigHandler()
	/root/go/src/Stat_Web/stat_web_server.go:404 +0x24b
created by main.main
	/root/go/src/Stat_Web/stat_web_server.go:4533 +0x1c5
